Arguments: 
  /home/roe/.nvm/versions/node/v16.14.0/bin/node /home/roe/.nvm/versions/node/v16.14.0/bin/yarn init

PATH: 
  /home/roe/.vscode-server/bin/e8a3071ea4344d9d48ef8a4df2c097372b0c5161/bin/remote-cli:/home/roe/.nvm/versions/node/v16.14.0/bin:/usr/local/bin:/usr/bin:/bin:/usr/local/games:/usr/games

Yarn version: 
  1.22.19

Node version: 
  16.14.0

Platform: 
  linux x64

Trace: 
  Error: canceled
      at Interface.<anonymous> (/home/roe/.nvm/versions/node/v16.14.0/lib/node_modules/yarn/lib/cli.js:137150:13)
      at Interface.emit (node:events:520:28)
      at Interface._ttyWrite (node:readline:1081:16)
      at ReadStream.onkeypress (node:readline:288:10)
      at ReadStream.emit (node:events:520:28)
      at emitKeys (node:internal/readline/utils:358:14)
      at emitKeys.next (<anonymous>)
      at ReadStream.onData (node:internal/readline/emitKeypressEvents:61:36)
      at ReadStream.emit (node:events:520:28)
      at addChunk (node:internal/streams/readable:315:12)

npm manifest: 
  No manifest

yarn manifest: 
  No manifest

Lockfile: 
  No lockfile
